This file contains any messages produced by compilers while
running configure, to aid debugging if configure makes a mistake.

It was created by sqlite configure 3.47.2, which was
generated by GNU Autoconf 2.71.  Invocation command line was

  $ ./configure --prefix=/Users/hammadkhan/.local

## --------- ##
## Platform. ##
## --------- ##

hostname = Hammads-MacBook-Air.local
uname -m = arm64
uname -r = 23.4.0
uname -s = Darwin
uname -v = Darwin Kernel Version 23.4.0: Fri Mar 15 00:12:41 PDT 2024; root:xnu-10063.101.17~1/RELEASE_ARM64_T8103

/usr/bin/uname -p = arm
/bin/uname -X     = unknown

/bin/arch              = unknown
/usr/bin/arch -k       = unknown
/usr/convex/getsysinfo = unknown
/usr/bin/hostinfo      = Mach kernel version:
	 Darwin Kernel Version 23.4.0: Fri Mar 15 00:12:41 PDT 2024; root:xnu-10063.101.17~1/RELEASE_ARM64_T8103
Kernel configured for up to 8 processors.
8 processors are physically available.
8 processors are logically available.
Processor type: arm64e (ARM64E)
Processors active: 0 1 2 3 4 5 6 7
Primary memory available: 8.00 gigabytes
Default processor set: 577 tasks, 3732 threads, 8 processors
Load average: 3.15, Mach factor: 4.86
/bin/machine           = unknown
/usr/bin/oslevel       = unknown
/bin/universe          = unknown

PATH: /Users/hammadkhan/Documents/flutterdev/flutter/bin/cache/dart-sdk/bin/
PATH: /Library/Frameworks/Python.framework/Versions/3.10/bin/
PATH: /opt/homebrew/bin/
PATH: /opt/homebrew/sbin/
PATH: /usr/local/bin/
PATH: /System/Cryptexes/App/usr/bin/
PATH: /usr/bin/
PATH: /bin/
PATH: /usr/sbin/
PATH: /sbin/
PATH: /var/run/com.apple.security.cryptexd/codex.system/bootstrap/usr/local/bin/
PATH: /var/run/com.apple.security.cryptexd/codex.system/bootstrap/usr/bin/
PATH: /var/run/com.apple.security.cryptexd/codex.system/bootstrap/usr/appleinternal/bin/
PATH: /Library/Apple/usr/bin/
PATH: /Users/hammadkhan/Documents/flutterdev/flutter/bin/cache/dart-sdk/bin/
PATH: /opt/anaconda3/bin/
PATH: /opt/anaconda3/condabin/
PATH: /Library/Frameworks/Python.framework/Versions/3.10/bin/
PATH: /Users/hammadkhan/Documents/flutterdev/flutter/bin/
PATH: /Users/hammadkhan/Documents/flutterdev/flutter/bin/


## ----------- ##
## Core tests. ##
## ----------- ##

configure:2439: looking for aux files: config.guess config.sub ltmain.sh compile missing install-sh
configure:2452:  trying ././
configure:2481:   ././config.guess found
configure:2481:   ././config.sub found
configure:2481:   ././ltmain.sh found
configure:2481:   ././compile found
configure:2481:   ././missing found
configure:2463:   ././install-sh found
configure:2614: checking for a BSD-compatible install
configure:2687: result: /usr/bin/install -c
configure:2698: checking whether build environment is sane
configure:2753: result: yes
configure:2912: checking for a race-free mkdir -p
configure:2956: result: ././install-sh -c -d
configure:2963: checking for gawk
configure:2998: result: no
configure:2963: checking for mawk
configure:2998: result: no
configure:2963: checking for nawk
configure:2998: result: no
configure:2963: checking for awk
configure:2984: found /usr/bin/awk
configure:2995: result: awk
configure:3006: checking whether make sets $(MAKE)
configure:3029: result: yes
configure:3059: checking whether make supports nested variables
configure:3077: result: yes
configure:3227: checking whether make supports the include directive
configure:3242: make -f confmf.GNU && cat confinc.out
this is the am__doit target
configure:3245: $? = 0
configure:3264: result: yes (GNU style)
configure:3340: checking for gcc
configure:3361: found /usr/bin/gcc
configure:3372: result: gcc
configure:3725: checking for C compiler version
configure:3734: gcc --version >&5
Apple clang version 15.0.0 (clang-1500.3.9.4)
Target: arm64-apple-darwin23.4.0
Thread model: posix
InstalledDir: /Library/Developer/CommandLineTools/usr/bin
configure:3745: $? = 0
configure:3734: gcc -v >&5
Apple clang version 15.0.0 (clang-1500.3.9.4)
Target: arm64-apple-darwin23.4.0
Thread model: posix
InstalledDir: /Library/Developer/CommandLineTools/usr/bin
configure:3745: $? = 0
configure:3734: gcc -V >&5
clang: error: argument to '-V' is missing (expected 1 value)
clang: error: no input files
configure:3745: $? = 1
configure:3734: gcc -qversion >&5
clang: error: unknown argument '-qversion'; did you mean '--version'?
clang: error: no input files
configure:3745: $? = 1
configure:3734: gcc -version >&5
clang: error: unknown argument '-version'; did you mean '--version'?
clang: error: no input files
configure:3745: $? = 1
configure:3765: checking whether the C compiler works
configure:3787: gcc    conftest.c  >&5
configure:3791: $? = 0
configure:3841: result: yes
configure:3844: checking for C compiler default output file name
configure:3846: result: a.out
configure:3852: checking for suffix of executables
configure:3859: gcc -o conftest    conftest.c  >&5
configure:3863: $? = 0
configure:3886: result: 
configure:3908: checking whether we are cross compiling
configure:3916: gcc -o conftest    conftest.c  >&5
configure:3920: $? = 0
configure:3927: ./conftest
configure:3931: $? = 0
configure:3946: result: no
configure:3951: checking for suffix of object files
configure:3974: gcc -c   conftest.c >&5
configure:3978: $? = 0
configure:4000: result: o
configure:4004: checking whether the compiler supports GNU C
configure:4024: gcc -c   conftest.c >&5
configure:4024: $? = 0
configure:4034: result: yes
configure:4045: checking whether gcc accepts -g
configure:4066: gcc -c -g  conftest.c >&5
configure:4066: $? = 0
configure:4110: result: yes
configure:4130: checking for gcc option to enable C11 features
configure:4145: gcc  -c -g -O2  conftest.c >&5
conftest.c:25:14: warning: a function definition without a prototype is deprecated in all versions of C and is not supported in C2x [-Wdeprecated-non-prototype]
static char *e (p, i)
             ^
1 warning generated.
configure:4145: $? = 0
configure:4163: result: none needed
configure:4279: checking whether gcc understands -c and -o together
configure:4302: gcc -c conftest.c -o conftest2.o
configure:4305: $? = 0
configure:4302: gcc -c conftest.c -o conftest2.o
configure:4305: $? = 0
configure:4317: result: yes
configure:4336: checking dependency style of gcc
configure:4448: result: gcc3
configure:4472: checking for special C compiler options needed for large files
configure:4520: result: no
configure:4526: checking for _FILE_OFFSET_BITS value needed for large files
configure:4552: gcc -c -g -O2  conftest.c >&5
configure:4552: $? = 0
configure:4586: result: no
configure:4723: checking for gcc
configure:4755: result: gcc
configure:5108: checking for C compiler version
configure:5117: gcc --version >&5
Apple clang version 15.0.0 (clang-1500.3.9.4)
Target: arm64-apple-darwin23.4.0
Thread model: posix
InstalledDir: /Library/Developer/CommandLineTools/usr/bin
configure:5128: $? = 0
configure:5117: gcc -v >&5
Apple clang version 15.0.0 (clang-1500.3.9.4)
Target: arm64-apple-darwin23.4.0
Thread model: posix
InstalledDir: /Library/Developer/CommandLineTools/usr/bin
configure:5128: $? = 0
configure:5117: gcc -V >&5
clang: error: argument to '-V' is missing (expected 1 value)
clang: error: no input files
configure:5128: $? = 1
configure:5117: gcc -qversion >&5
clang: error: unknown argument '-qversion'; did you mean '--version'?
clang: error: no input files
configure:5128: $? = 1
configure:5117: gcc -version >&5
clang: error: unknown argument '-version'; did you mean '--version'?
clang: error: no input files
configure:5128: $? = 1
configure:5132: checking whether the compiler supports GNU C
configure:5162: result: yes
configure:5173: checking whether gcc accepts -g
configure:5238: result: yes
configure:5258: checking for gcc option to enable C11 features
configure:5291: result: none needed
configure:5407: checking whether gcc understands -c and -o together
configure:5445: result: yes
configure:5464: checking dependency style of gcc
configure:5576: result: gcc3
configure:5623: checking build system type
configure:5638: result: aarch64-apple-darwin23.4.0
configure:5658: checking host system type
configure:5672: result: aarch64-apple-darwin23.4.0
configure:5713: checking how to print strings
configure:5740: result: printf
configure:5761: checking for a sed that does not truncate output
configure:5831: result: /usr/bin/sed
configure:5849: checking for grep that handles long lines and -e
configure:5913: result: /usr/bin/grep
configure:5918: checking for egrep
configure:5986: result: /usr/bin/grep -E
configure:5991: checking for fgrep
configure:6059: result: /usr/bin/grep -F
configure:6095: checking for ld used by gcc
configure:6163: result: /Library/Developer/CommandLineTools/usr/bin/ld
configure:6170: checking if the linker (/Library/Developer/CommandLineTools/usr/bin/ld) is GNU ld
configure:6186: result: no
configure:6198: checking for BSD- or MS-compatible name lister (nm)
configure:6253: result: /usr/bin/nm -B
configure:6393: checking the name lister (/usr/bin/nm -B) interface
configure:6401: gcc -c -g -O2  conftest.c >&5
configure:6404: /usr/bin/nm -B "conftest.o"
configure:6407: output
0000000000000244 S _some_variable
0000000000000000 t ltmp0
0000000000000244 s ltmp1
configure:6414: result: BSD nm
configure:6417: checking whether ln -s works
configure:6421: result: yes
configure:6429: checking the maximum length of command line arguments
configure:6561: result: 786432
configure:6609: checking how to convert aarch64-apple-darwin23.4.0 file names to aarch64-apple-darwin23.4.0 format
configure:6650: result: func_convert_file_noop
configure:6657: checking how to convert aarch64-apple-darwin23.4.0 file names to toolchain format
configure:6678: result: func_convert_file_noop
configure:6685: checking for /Library/Developer/CommandLineTools/usr/bin/ld option to reload object files
configure:6693: result: -r
configure:6772: checking for file
configure:6793: found /usr/bin/file
configure:6804: result: file
configure:6880: checking for objdump
configure:6901: found /usr/bin/objdump
configure:6912: result: objdump
configure:6944: checking how to recognize dependent libraries
configure:7145: result: pass_all
configure:7235: checking for dlltool
configure:7270: result: no
configure:7300: checking how to associate runtime and link libraries
configure:7328: result: printf %s\n
configure:7393: checking for ar
configure:7414: found /usr/bin/ar
configure:7425: result: ar
configure:7478: checking for archiver @FILE support
configure:7496: gcc -c -g -O2  conftest.c >&5
configure:7496: $? = 0
configure:7500: ar cr libconftest.a @conftest.lst >&5
ar: @conftest.lst: No such file or directory
configure:7503: $? = 1
configure:7523: result: no
configure:7586: checking for strip
configure:7607: found /usr/bin/strip
configure:7618: result: strip
configure:7695: checking for ranlib
configure:7716: found /usr/bin/ranlib
configure:7727: result: ranlib
configure:7829: checking command to parse /usr/bin/nm -B output from gcc object
configure:7983: gcc -c -g -O2  conftest.c >&5
configure:7986: $? = 0
configure:7990: /usr/bin/nm -B conftest.o | /usr/bin/sed -n -e 's/^.*[	 ]\([ABCDGIRSTW][ABCDGIRSTW]*\)[	 ][	 ]*\([_A-Za-z][_A-Za-z0-9]*\)$/\1 \2 \2/p' | /usr/bin/sed '/ __gnu_lto/d' > conftest.nm
cannot find nm_test_var in conftest.nm
configure:7983: gcc -c -g -O2  conftest.c >&5
configure:7986: $? = 0
configure:7990: /usr/bin/nm -B conftest.o | /usr/bin/sed -n -e 's/^.*[	 ]\([ABCDGIRSTW][ABCDGIRSTW]*\)[	 ][	 ]*_\([_A-Za-z][_A-Za-z0-9]*\)$/\1 _\2 \2/p' | /usr/bin/sed '/ __gnu_lto/d' > conftest.nm
configure:8056: gcc -o conftest -g -O2   conftest.c conftstm.o >&5
configure:8059: $? = 0
configure:8097: result: ok
configure:8144: checking for sysroot
configure:8175: result: no
configure:8182: checking for a working dd
configure:8226: result: /bin/dd
configure:8230: checking how to truncate binary pipes
configure:8246: result: /bin/dd bs=4096 count=1
configure:8583: checking for mt
configure:8618: result: no
configure:8638: checking if : is a manifest tool
configure:8645: : '-?'
configure:8653: result: no
configure:8714: checking for dsymutil
configure:8735: found /usr/bin/dsymutil
configure:8746: result: dsymutil
configure:8816: checking for nmedit
configure:8837: found /usr/bin/nmedit
configure:8848: result: nmedit
configure:8918: checking for lipo
configure:8939: found /usr/bin/lipo
configure:8950: result: lipo
configure:9020: checking for otool
configure:9041: found /usr/bin/otool
configure:9052: result: otool
configure:9122: checking for otool64
configure:9157: result: no
configure:9202: checking for -single_module linker flag
gcc -g -O2  -o libconftest.dylib -dynamiclib -Wl,-single_module conftest.c
ld: warning: -single_module is obsolete
configure:9236: result: no
configure:9239: checking for -exported_symbols_list linker flag
configure:9260: gcc -o conftest -g -O2   -Wl,-exported_symbols_list,conftest.sym conftest.c  >&5
configure:9260: $? = 0
configure:9271: result: yes
configure:9274: checking for -force_load linker flag
gcc -g -O2 -c -o conftest.o conftest.c
ar cr libconftest.a conftest.o
ranlib libconftest.a
gcc -g -O2  -o conftest conftest.c -Wl,-force_load,./libconftest.a
configure:9307: result: yes
configure:9378: checking for stdio.h
configure:9378: gcc -c -g -O2  conftest.c >&5
configure:9378: $? = 0
configure:9378: result: yes
configure:9378: checking for stdlib.h
configure:9378: gcc -c -g -O2  conftest.c >&5
configure:9378: $? = 0
configure:9378: result: yes
configure:9378: checking for string.h
configure:9378: gcc -c -g -O2  conftest.c >&5
configure:9378: $? = 0
configure:9378: result: yes
configure:9378: checking for inttypes.h
configure:9378: gcc -c -g -O2  conftest.c >&5
configure:9378: $? = 0
configure:9378: result: yes
configure:9378: checking for stdint.h
configure:9378: gcc -c -g -O2  conftest.c >&5
configure:9378: $? = 0
configure:9378: result: yes
configure:9378: checking for strings.h
configure:9378: gcc -c -g -O2  conftest.c >&5
configure:9378: $? = 0
configure:9378: result: yes
configure:9378: checking for sys/stat.h
configure:9378: gcc -c -g -O2  conftest.c >&5
configure:9378: $? = 0
configure:9378: result: yes
configure:9378: checking for sys/types.h
configure:9378: gcc -c -g -O2  conftest.c >&5
configure:9378: $? = 0
configure:9378: result: yes
configure:9378: checking for unistd.h
configure:9378: gcc -c -g -O2  conftest.c >&5
configure:9378: $? = 0
configure:9378: result: yes
configure:9403: checking for dlfcn.h
configure:9403: gcc -c -g -O2  conftest.c >&5
configure:9403: $? = 0
configure:9403: result: yes
configure:9662: checking for objdir
configure:9678: result: .libs
configure:9938: checking if gcc supports -fno-rtti -fno-exceptions
configure:9957: gcc -c -g -O2  -fno-rtti -fno-exceptions conftest.c >&5
configure:9961: $? = 0
configure:9974: result: yes
configure:10338: checking for gcc option to produce PIC
configure:10346: result: -fno-common -DPIC
configure:10354: checking if gcc PIC flag -fno-common -DPIC works
configure:10373: gcc -c -g -O2  -fno-common -DPIC -DPIC conftest.c >&5
configure:10377: $? = 0
configure:10390: result: yes
configure:10419: checking if gcc static flag -static works
configure:10448: result: no
configure:10463: checking if gcc supports -c -o file.o
configure:10485: gcc -c -g -O2  -o out/conftest2.o conftest.c >&5
configure:10489: $? = 0
configure:10511: result: yes
configure:10519: checking if gcc supports -c -o file.o
configure:10567: result: yes
configure:10600: checking whether the gcc linker (/Library/Developer/CommandLineTools/usr/bin/ld) supports shared libraries
configure:11874: result: yes
configure:12115: checking dynamic linker characteristics
configure:12948: result: darwin23.4.0 dyld
configure:13070: checking how to hardcode library paths into programs
configure:13095: result: immediate
configure:13647: checking whether stripping libraries is possible
configure:13664: result: yes
configure:13698: checking if libtool supports shared libraries
configure:13700: result: yes
configure:13703: checking whether to build shared libraries
configure:13728: result: yes
configure:13731: checking whether to build static libraries
configure:13735: result: yes
configure:13775: checking for fdatasync
configure:13775: gcc -o conftest -g -O2   conftest.c  >&5
configure:13775: $? = 0
configure:13775: result: yes
configure:13781: checking for usleep
configure:13781: gcc -o conftest -g -O2   conftest.c  >&5
configure:13781: $? = 0
configure:13781: result: yes
configure:13787: checking for fullfsync
configure:13787: gcc -o conftest -g -O2   conftest.c  >&5
Undefined symbols for architecture arm64:
  "_fullfsync", referenced from:
      _main in conftest-b0cf68.o
ld: symbol(s) not found for architecture arm64
clang: error: linker command failed with exit code 1 (use -v to see invocation)
configure:13787: $? = 1
configure: failed program was:
| /* confdefs.h */
| #define PACKAGE_NAME "sqlite"
| #define PACKAGE_TARNAME "sqlite"
| #define PACKAGE_VERSION "3.47.2"
| #define PACKAGE_STRING "sqlite 3.47.2"
| #define PACKAGE_BUGREPORT "http://www.sqlite.org"
| #define PACKAGE_URL ""
| #define PACKAGE "sqlite"
| #define VERSION "3.47.2"
| #define HAVE_STDIO_H 1
| #define HAVE_STDLIB_H 1
| #define HAVE_STRING_H 1
| #define HAVE_INTTYPES_H 1
| #define HAVE_STDINT_H 1
| #define HAVE_STRINGS_H 1
| #define HAVE_SYS_STAT_H 1
| #define HAVE_SYS_TYPES_H 1
| #define HAVE_UNISTD_H 1
| #define STDC_HEADERS 1
| #define HAVE_DLFCN_H 1
| #define LT_OBJDIR ".libs/"
| #define HAVE_FDATASYNC 1
| #define HAVE_USLEEP 1
| /* end confdefs.h.  */
| /* Define fullfsync to an innocuous variant, in case <limits.h> declares fullfsync.
|    For example, HP-UX 11i <limits.h> declares gettimeofday.  */
| #define fullfsync innocuous_fullfsync
| 
| /* System header to define __stub macros and hopefully few prototypes,
|    which can conflict with char fullfsync (); below.  */
| 
| #include <limits.h>
| #undef fullfsync
| 
| /* Override any GCC internal prototype to avoid an error.
|    Use char because int might match the return type of a GCC
|    builtin and then its argument prototype would still apply.  */
| #ifdef __cplusplus
| extern "C"
| #endif
| char fullfsync ();
| /* The GNU C library defines this for functions which it implements
|     to always fail with ENOSYS.  Some functions are actually named
|     something starting with __ and the normal name is an alias.  */
| #if defined __stub_fullfsync || defined __stub___fullfsync
| choke me
| #endif
| 
| int
| main (void)
| {
| return fullfsync ();
|   ;
|   return 0;
| }
configure:13787: result: no
configure:13793: checking for localtime_r
configure:13793: gcc -o conftest -g -O2   conftest.c  >&5
configure:13793: $? = 0
configure:13793: result: yes
configure:13799: checking for gmtime_r
configure:13799: gcc -o conftest -g -O2   conftest.c  >&5
configure:13799: $? = 0
configure:13799: result: yes
configure:13806: checking for gcc options needed to detect all undeclared functions
configure:13828: gcc -c -g -O2   conftest.c >&5
conftest.c:31:8: error: call to undeclared library function 'strchr' with type 'char *(const char *, int)'; ISO C99 and later do not support implicit function declarations [-Wimplicit-function-declaration]
(void) strchr;
       ^
conftest.c:31:8: note: include the header <string.h> or explicitly provide a declaration for 'strchr'
1 error generated.
configure:13828: $? = 1
configure: failed program was:
| /* confdefs.h */
| #define PACKAGE_NAME "sqlite"
| #define PACKAGE_TARNAME "sqlite"
| #define PACKAGE_VERSION "3.47.2"
| #define PACKAGE_STRING "sqlite 3.47.2"
| #define PACKAGE_BUGREPORT "http://www.sqlite.org"
| #define PACKAGE_URL ""
| #define PACKAGE "sqlite"
| #define VERSION "3.47.2"
| #define HAVE_STDIO_H 1
| #define HAVE_STDLIB_H 1
| #define HAVE_STRING_H 1
| #define HAVE_INTTYPES_H 1
| #define HAVE_STDINT_H 1
| #define HAVE_STRINGS_H 1
| #define HAVE_SYS_STAT_H 1
| #define HAVE_SYS_TYPES_H 1
| #define HAVE_UNISTD_H 1
| #define STDC_HEADERS 1
| #define HAVE_DLFCN_H 1
| #define LT_OBJDIR ".libs/"
| #define HAVE_FDATASYNC 1
| #define HAVE_USLEEP 1
| #define HAVE_LOCALTIME_R 1
| #define HAVE_GMTIME_R 1
| /* end confdefs.h.  */
| 
| int
| main (void)
| {
| (void) strchr;
|   ;
|   return 0;
| }
configure:13855: gcc -c -g -O2   conftest.c >&5
configure:13855: $? = 0
configure:13872: result: none needed
configure:13886: checking whether strerror_r is declared
configure:13886: gcc -c -g -O2   conftest.c >&5
configure:13886: $? = 0
configure:13886: result: yes
configure:13905: checking whether strerror_r returns char *
configure:13930: gcc -c -g -O2  conftest.c >&5
conftest.c:35:13: error: indirection requires pointer operand ('int' invalid)
          char x = *strerror_r (0, buf, sizeof buf);
                   ^~~~~~~~~~~~~~~~~~~~~~~~~~~~~~~~
conftest.c:36:10: error: incompatible integer to pointer conversion initializing 'char *' with an expression of type 'int' [-Wint-conversion]
          char *p = strerror_r (0, buf, sizeof buf);
                ^   ~~~~~~~~~~~~~~~~~~~~~~~~~~~~~~~
2 errors generated.
configure:13930: $? = 1
configure: failed program was:
| /* confdefs.h */
| #define PACKAGE_NAME "sqlite"
| #define PACKAGE_TARNAME "sqlite"
| #define PACKAGE_VERSION "3.47.2"
| #define PACKAGE_STRING "sqlite 3.47.2"
| #define PACKAGE_BUGREPORT "http://www.sqlite.org"
| #define PACKAGE_URL ""
| #define PACKAGE "sqlite"
| #define VERSION "3.47.2"
| #define HAVE_STDIO_H 1
| #define HAVE_STDLIB_H 1
| #define HAVE_STRING_H 1
| #define HAVE_INTTYPES_H 1
| #define HAVE_STDINT_H 1
| #define HAVE_STRINGS_H 1
| #define HAVE_SYS_STAT_H 1
| #define HAVE_SYS_TYPES_H 1
| #define HAVE_UNISTD_H 1
| #define STDC_HEADERS 1
| #define HAVE_DLFCN_H 1
| #define LT_OBJDIR ".libs/"
| #define HAVE_FDATASYNC 1
| #define HAVE_USLEEP 1
| #define HAVE_LOCALTIME_R 1
| #define HAVE_GMTIME_R 1
| #define HAVE_DECL_STRERROR_R 1
| #define HAVE_STRERROR_R 1
| /* end confdefs.h.  */
| #include <string.h>
| int
| main (void)
| {
| 
| 	  char buf[100];
| 	  char x = *strerror_r (0, buf, sizeof buf);
| 	  char *p = strerror_r (0, buf, sizeof buf);
| 	  return !p || x;
| 
|   ;
|   return 0;
| }
configure:13939: result: no
configure:13987: checking for editline/readline.h
configure:13987: gcc -c -g -O2  conftest.c >&5
configure:13987: $? = 0
configure:13987: result: yes
configure:13994: checking for library containing readline
configure:14024: gcc -o conftest -g -O2   conftest.c  >&5
Undefined symbols for architecture arm64:
  "_readline", referenced from:
      _main in conftest-40623c.o
ld: symbol(s) not found for architecture arm64
clang: error: linker command failed with exit code 1 (use -v to see invocation)
configure:14024: $? = 1
configure: failed program was:
| /* confdefs.h */
| #define PACKAGE_NAME "sqlite"
| #define PACKAGE_TARNAME "sqlite"
| #define PACKAGE_VERSION "3.47.2"
| #define PACKAGE_STRING "sqlite 3.47.2"
| #define PACKAGE_BUGREPORT "http://www.sqlite.org"
| #define PACKAGE_URL ""
| #define PACKAGE "sqlite"
| #define VERSION "3.47.2"
| #define HAVE_STDIO_H 1
| #define HAVE_STDLIB_H 1
| #define HAVE_STRING_H 1
| #define HAVE_INTTYPES_H 1
| #define HAVE_STDINT_H 1
| #define HAVE_STRINGS_H 1
| #define HAVE_SYS_STAT_H 1
| #define HAVE_SYS_TYPES_H 1
| #define HAVE_UNISTD_H 1
| #define STDC_HEADERS 1
| #define HAVE_DLFCN_H 1
| #define LT_OBJDIR ".libs/"
| #define HAVE_FDATASYNC 1
| #define HAVE_USLEEP 1
| #define HAVE_LOCALTIME_R 1
| #define HAVE_GMTIME_R 1
| #define HAVE_DECL_STRERROR_R 1
| #define HAVE_STRERROR_R 1
| #define HAVE_EDITLINE_READLINE_H 1
| /* end confdefs.h.  */
| 
| /* Override any GCC internal prototype to avoid an error.
|    Use char because int might match the return type of a GCC
|    builtin and then its argument prototype would still apply.  */
| char readline ();
| int
| main (void)
| {
| return readline ();
|   ;
|   return 0;
| }
configure:14024: gcc -o conftest -g -O2   conftest.c -ledit -ltinfo  >&5
ld: library 'tinfo' not found
clang: error: linker command failed with exit code 1 (use -v to see invocation)
configure:14024: $? = 1
configure: failed program was:
| /* confdefs.h */
| #define PACKAGE_NAME "sqlite"
| #define PACKAGE_TARNAME "sqlite"
| #define PACKAGE_VERSION "3.47.2"
| #define PACKAGE_STRING "sqlite 3.47.2"
| #define PACKAGE_BUGREPORT "http://www.sqlite.org"
| #define PACKAGE_URL ""
| #define PACKAGE "sqlite"
| #define VERSION "3.47.2"
| #define HAVE_STDIO_H 1
| #define HAVE_STDLIB_H 1
| #define HAVE_STRING_H 1
| #define HAVE_INTTYPES_H 1
| #define HAVE_STDINT_H 1
| #define HAVE_STRINGS_H 1
| #define HAVE_SYS_STAT_H 1
| #define HAVE_SYS_TYPES_H 1
| #define HAVE_UNISTD_H 1
| #define STDC_HEADERS 1
| #define HAVE_DLFCN_H 1
| #define LT_OBJDIR ".libs/"
| #define HAVE_FDATASYNC 1
| #define HAVE_USLEEP 1
| #define HAVE_LOCALTIME_R 1
| #define HAVE_GMTIME_R 1
| #define HAVE_DECL_STRERROR_R 1
| #define HAVE_STRERROR_R 1
| #define HAVE_EDITLINE_READLINE_H 1
| /* end confdefs.h.  */
| 
| /* Override any GCC internal prototype to avoid an error.
|    Use char because int might match the return type of a GCC
|    builtin and then its argument prototype would still apply.  */
| char readline ();
| int
| main (void)
| {
| return readline ();
|   ;
|   return 0;
| }
configure:14044: result: no
configure:14073: checking for readline/readline.h
configure:14073: gcc -c -g -O2  conftest.c >&5
configure:14073: $? = 0
configure:14073: result: yes
configure:14080: checking for library containing tgetent
configure:14110: gcc -o conftest -g -O2   conftest.c  >&5
Undefined symbols for architecture arm64:
  "_tgetent", referenced from:
      _main in conftest-578e6e.o
ld: symbol(s) not found for architecture arm64
clang: error: linker command failed with exit code 1 (use -v to see invocation)
configure:14110: $? = 1
configure: failed program was:
| /* confdefs.h */
| #define PACKAGE_NAME "sqlite"
| #define PACKAGE_TARNAME "sqlite"
| #define PACKAGE_VERSION "3.47.2"
| #define PACKAGE_STRING "sqlite 3.47.2"
| #define PACKAGE_BUGREPORT "http://www.sqlite.org"
| #define PACKAGE_URL ""
| #define PACKAGE "sqlite"
| #define VERSION "3.47.2"
| #define HAVE_STDIO_H 1
| #define HAVE_STDLIB_H 1
| #define HAVE_STRING_H 1
| #define HAVE_INTTYPES_H 1
| #define HAVE_STDINT_H 1
| #define HAVE_STRINGS_H 1
| #define HAVE_SYS_STAT_H 1
| #define HAVE_SYS_TYPES_H 1
| #define HAVE_UNISTD_H 1
| #define STDC_HEADERS 1
| #define HAVE_DLFCN_H 1
| #define LT_OBJDIR ".libs/"
| #define HAVE_FDATASYNC 1
| #define HAVE_USLEEP 1
| #define HAVE_LOCALTIME_R 1
| #define HAVE_GMTIME_R 1
| #define HAVE_DECL_STRERROR_R 1
| #define HAVE_STRERROR_R 1
| #define HAVE_EDITLINE_READLINE_H 1
| #define HAVE_READLINE_READLINE_H 1
| /* end confdefs.h.  */
| 
| /* Override any GCC internal prototype to avoid an error.
|    Use char because int might match the return type of a GCC
|    builtin and then its argument prototype would still apply.  */
| char tgetent ();
| int
| main (void)
| {
| return tgetent ();
|   ;
|   return 0;
| }
configure:14110: gcc -o conftest -g -O2   conftest.c -ltermcap   >&5
configure:14110: $? = 0
configure:14130: result: -ltermcap
configure:14139: checking for library containing readline
configure:14169: gcc -o conftest -g -O2   conftest.c -ltermcap  >&5
Undefined symbols for architecture arm64:
  "_readline", referenced from:
      _main in conftest-03ab60.o
ld: symbol(s) not found for architecture arm64
clang: error: linker command failed with exit code 1 (use -v to see invocation)
configure:14169: $? = 1
configure: failed program was:
| /* confdefs.h */
| #define PACKAGE_NAME "sqlite"
| #define PACKAGE_TARNAME "sqlite"
| #define PACKAGE_VERSION "3.47.2"
| #define PACKAGE_STRING "sqlite 3.47.2"
| #define PACKAGE_BUGREPORT "http://www.sqlite.org"
| #define PACKAGE_URL ""
| #define PACKAGE "sqlite"
| #define VERSION "3.47.2"
| #define HAVE_STDIO_H 1
| #define HAVE_STDLIB_H 1
| #define HAVE_STRING_H 1
| #define HAVE_INTTYPES_H 1
| #define HAVE_STDINT_H 1
| #define HAVE_STRINGS_H 1
| #define HAVE_SYS_STAT_H 1
| #define HAVE_SYS_TYPES_H 1
| #define HAVE_UNISTD_H 1
| #define STDC_HEADERS 1
| #define HAVE_DLFCN_H 1
| #define LT_OBJDIR ".libs/"
| #define HAVE_FDATASYNC 1
| #define HAVE_USLEEP 1
| #define HAVE_LOCALTIME_R 1
| #define HAVE_GMTIME_R 1
| #define HAVE_DECL_STRERROR_R 1
| #define HAVE_STRERROR_R 1
| #define HAVE_EDITLINE_READLINE_H 1
| #define HAVE_READLINE_READLINE_H 1
| /* end confdefs.h.  */
| 
| /* Override any GCC internal prototype to avoid an error.
|    Use char because int might match the return type of a GCC
|    builtin and then its argument prototype would still apply.  */
| char readline ();
| int
| main (void)
| {
| return readline ();
|   ;
|   return 0;
| }
configure:14169: gcc -o conftest -g -O2   conftest.c -lreadline  -ltermcap  >&5
configure:14169: $? = 0
configure:14189: result: -lreadline
configure:14229: checking for library containing pthread_create
configure:14259: gcc -o conftest -g -O2   conftest.c  >&5
configure:14259: $? = 0
configure:14279: result: none required
configure:14288: checking for library containing pthread_mutexattr_init
configure:14318: gcc -o conftest -g -O2   conftest.c  >&5
configure:14318: $? = 0
configure:14338: result: none required
configure:14362: checking for library containing dlopen
configure:14392: gcc -o conftest -g -O2   conftest.c  >&5
configure:14392: $? = 0
configure:14412: result: none required
configure:14424: checking for whether to support dynamic extensions
configure:14426: result: yes
configure:14441: checking SQL math functions
configure:14445: result: enabled
configure:14447: checking for library containing ceil
configure:14477: gcc -o conftest -g -O2   conftest.c  >&5
conftest.c:36:6: warning: incompatible redeclaration of library function 'ceil' [-Wincompatible-library-redeclaration]
char ceil ();
     ^
conftest.c:36:6: note: 'ceil' is a builtin with type 'double (double)'
1 warning generated.
configure:14477: $? = 0
configure:14497: result: none required
configure:14523: checking FTS4 extension
configure:14527: result: enabled
configure:14544: checking FTS3 extension
configure:14551: result: disabled
configure:14567: checking FTS5 extension
configure:14570: result: enabled
configure:14572: checking for library containing log
configure:14602: gcc -o conftest -g -O2   conftest.c  >&5
conftest.c:36:6: warning: incompatible redeclaration of library function 'log' [-Wincompatible-library-redeclaration]
char log ();
     ^
conftest.c:36:6: note: 'log' is a builtin with type 'double (double)'
1 warning generated.
configure:14602: $? = 0
configure:14622: result: none required
configure:14649: checking RTREE extension
configure:14653: result: enabled
configure:14670: checking Session extension
configure:14677: result: disabled
configure:14691: checking Build type
configure:14699: result: release
configure:14723: checking for posix_fallocate
configure:14723: gcc -o conftest -g -O2   conftest.c  >&5
Undefined symbols for architecture arm64:
  "_posix_fallocate", referenced from:
      _main in conftest-3fcb06.o
ld: symbol(s) not found for architecture arm64
clang: error: linker command failed with exit code 1 (use -v to see invocation)
configure:14723: $? = 1
configure: failed program was:
| /* confdefs.h */
| #define PACKAGE_NAME "sqlite"
| #define PACKAGE_TARNAME "sqlite"
| #define PACKAGE_VERSION "3.47.2"
| #define PACKAGE_STRING "sqlite 3.47.2"
| #define PACKAGE_BUGREPORT "http://www.sqlite.org"
| #define PACKAGE_URL ""
| #define PACKAGE "sqlite"
| #define VERSION "3.47.2"
| #define HAVE_STDIO_H 1
| #define HAVE_STDLIB_H 1
| #define HAVE_STRING_H 1
| #define HAVE_INTTYPES_H 1
| #define HAVE_STDINT_H 1
| #define HAVE_STRINGS_H 1
| #define HAVE_SYS_STAT_H 1
| #define HAVE_SYS_TYPES_H 1
| #define HAVE_UNISTD_H 1
| #define STDC_HEADERS 1
| #define HAVE_DLFCN_H 1
| #define LT_OBJDIR ".libs/"
| #define HAVE_FDATASYNC 1
| #define HAVE_USLEEP 1
| #define HAVE_LOCALTIME_R 1
| #define HAVE_GMTIME_R 1
| #define HAVE_DECL_STRERROR_R 1
| #define HAVE_STRERROR_R 1
| #define HAVE_EDITLINE_READLINE_H 1
| #define HAVE_READLINE_READLINE_H 1
| #define HAVE_READLINE 1
| /* end confdefs.h.  */
| /* Define posix_fallocate to an innocuous variant, in case <limits.h> declares posix_fallocate.
|    For example, HP-UX 11i <limits.h> declares gettimeofday.  */
| #define posix_fallocate innocuous_posix_fallocate
| 
| /* System header to define __stub macros and hopefully few prototypes,
|    which can conflict with char posix_fallocate (); below.  */
| 
| #include <limits.h>
| #undef posix_fallocate
| 
| /* Override any GCC internal prototype to avoid an error.
|    Use char because int might match the return type of a GCC
|    builtin and then its argument prototype would still apply.  */
| #ifdef __cplusplus
| extern "C"
| #endif
| char posix_fallocate ();
| /* The GNU C library defines this for functions which it implements
|     to always fail with ENOSYS.  Some functions are actually named
|     something starting with __ and the normal name is an alias.  */
| #if defined __stub_posix_fallocate || defined __stub___posix_fallocate
| choke me
| #endif
| 
| int
| main (void)
| {
| return posix_fallocate ();
|   ;
|   return 0;
| }
configure:14723: result: no
configure:14732: checking for zlib.h
configure:14732: gcc -c -g -O2  conftest.c >&5
configure:14732: $? = 0
configure:14732: result: yes
configure:14737: checking for library containing deflate
configure:14767: gcc -o conftest -g -O2   conftest.c  >&5
Undefined symbols for architecture arm64:
  "_deflate", referenced from:
      _main in conftest-fb80ef.o
ld: symbol(s) not found for architecture arm64
clang: error: linker command failed with exit code 1 (use -v to see invocation)
configure:14767: $? = 1
configure: failed program was:
| /* confdefs.h */
| #define PACKAGE_NAME "sqlite"
| #define PACKAGE_TARNAME "sqlite"
| #define PACKAGE_VERSION "3.47.2"
| #define PACKAGE_STRING "sqlite 3.47.2"
| #define PACKAGE_BUGREPORT "http://www.sqlite.org"
| #define PACKAGE_URL ""
| #define PACKAGE "sqlite"
| #define VERSION "3.47.2"
| #define HAVE_STDIO_H 1
| #define HAVE_STDLIB_H 1
| #define HAVE_STRING_H 1
| #define HAVE_INTTYPES_H 1
| #define HAVE_STDINT_H 1
| #define HAVE_STRINGS_H 1
| #define HAVE_SYS_STAT_H 1
| #define HAVE_SYS_TYPES_H 1
| #define HAVE_UNISTD_H 1
| #define STDC_HEADERS 1
| #define HAVE_DLFCN_H 1
| #define LT_OBJDIR ".libs/"
| #define HAVE_FDATASYNC 1
| #define HAVE_USLEEP 1
| #define HAVE_LOCALTIME_R 1
| #define HAVE_GMTIME_R 1
| #define HAVE_DECL_STRERROR_R 1
| #define HAVE_STRERROR_R 1
| #define HAVE_EDITLINE_READLINE_H 1
| #define HAVE_READLINE_READLINE_H 1
| #define HAVE_READLINE 1
| #define HAVE_ZLIB_H 1
| /* end confdefs.h.  */
| 
| /* Override any GCC internal prototype to avoid an error.
|    Use char because int might match the return type of a GCC
|    builtin and then its argument prototype would still apply.  */
| char deflate ();
| int
| main (void)
| {
| return deflate ();
|   ;
|   return 0;
| }
configure:14767: gcc -o conftest -g -O2   conftest.c -lz   >&5
configure:14767: $? = 0
configure:14787: result: -lz
configure:14801: checking for library containing system
configure:14831: gcc -o conftest -g -O2   conftest.c -lz  >&5
configure:14831: $? = 0
configure:14851: result: none required
configure:15034: checking that generated files are newer than configure
configure:15040: result: done
configure:15067: creating ./config.status

## ---------------------- ##
## Running config.status. ##
## ---------------------- ##

This file was extended by sqlite config.status 3.47.2, which was
generated by GNU Autoconf 2.71.  Invocation command line was

  CONFIG_FILES    = 
  CONFIG_HEADERS  = 
  CONFIG_LINKS    = 
  CONFIG_COMMANDS = 
  $ ./config.status 

on Hammads-MacBook-Air.local

config.status:1009: creating Makefile
config.status:1009: creating sqlite3.pc
config.status:1181: executing depfiles commands
config.status:1258: cd .       && sed -e '/# am--include-marker/d' Makefile         | make -f - am--depfiles
config.status:1263: $? = 0
config.status:1181: executing libtool commands

## ---------------- ##
## Cache variables. ##
## ---------------- ##

ac_cv_build=aarch64-apple-darwin23.4.0
ac_cv_c_compiler_gnu=yes
ac_cv_c_undeclared_builtin_options='none needed'
ac_cv_env_CC_set=
ac_cv_env_CC_value=
ac_cv_env_CFLAGS_set=
ac_cv_env_CFLAGS_value=
ac_cv_env_CPPFLAGS_set=
ac_cv_env_CPPFLAGS_value=
ac_cv_env_LDFLAGS_set=
ac_cv_env_LDFLAGS_value=
ac_cv_env_LIBS_set=
ac_cv_env_LIBS_value=
ac_cv_env_LT_SYS_LIBRARY_PATH_set=
ac_cv_env_LT_SYS_LIBRARY_PATH_value=
ac_cv_env_build_alias_set=
ac_cv_env_build_alias_value=
ac_cv_env_host_alias_set=
ac_cv_env_host_alias_value=
ac_cv_env_target_alias_set=
ac_cv_env_target_alias_value=
ac_cv_func_fdatasync=yes
ac_cv_func_fullfsync=no
ac_cv_func_gmtime_r=yes
ac_cv_func_localtime_r=yes
ac_cv_func_posix_fallocate=no
ac_cv_func_strerror_r_char_p=no
ac_cv_func_usleep=yes
ac_cv_have_decl_strerror_r=yes
ac_cv_header_dlfcn_h=yes
ac_cv_header_editline_readline_h=yes
ac_cv_header_inttypes_h=yes
ac_cv_header_readline_readline_h=yes
ac_cv_header_stdint_h=yes
ac_cv_header_stdio_h=yes
ac_cv_header_stdlib_h=yes
ac_cv_header_string_h=yes
ac_cv_header_strings_h=yes
ac_cv_header_sys_stat_h=yes
ac_cv_header_sys_types_h=yes
ac_cv_header_unistd_h=yes
ac_cv_header_zlib_h=yes
ac_cv_host=aarch64-apple-darwin23.4.0
ac_cv_objext=o
ac_cv_path_EGREP='/usr/bin/grep -E'
ac_cv_path_FGREP='/usr/bin/grep -F'
ac_cv_path_GREP=/usr/bin/grep
ac_cv_path_SED=/usr/bin/sed
ac_cv_path_install='/usr/bin/install -c'
ac_cv_path_lt_DD=/bin/dd
ac_cv_prog_AWK=awk
ac_cv_prog_ac_ct_AR=ar
ac_cv_prog_ac_ct_CC=gcc
ac_cv_prog_ac_ct_DSYMUTIL=dsymutil
ac_cv_prog_ac_ct_FILECMD=file
ac_cv_prog_ac_ct_LIPO=lipo
ac_cv_prog_ac_ct_NMEDIT=nmedit
ac_cv_prog_ac_ct_OBJDUMP=objdump
ac_cv_prog_ac_ct_OTOOL=otool
ac_cv_prog_ac_ct_RANLIB=ranlib
ac_cv_prog_ac_ct_STRIP=strip
ac_cv_prog_cc_c11=
ac_cv_prog_cc_g=yes
ac_cv_prog_cc_stdc=
ac_cv_prog_make_make_set=yes
ac_cv_search_ceil='none required'
ac_cv_search_deflate=-lz
ac_cv_search_dlopen='none required'
ac_cv_search_log='none required'
ac_cv_search_pthread_create='none required'
ac_cv_search_pthread_mutexattr_init='none required'
ac_cv_search_readline=-lreadline
ac_cv_search_system='none required'
ac_cv_search_tgetent=-ltermcap
ac_cv_sys_file_offset_bits=no
ac_cv_sys_largefile_CC=no
am_cv_CC_dependencies_compiler_type=gcc3
am_cv_make_support_nested_variables=yes
am_cv_prog_cc_c_o=yes
lt_cv_apple_cc_single_mod=no
lt_cv_ar_at_file=no
lt_cv_deplibs_check_method=pass_all
lt_cv_file_magic_cmd='$MAGIC_CMD'
lt_cv_file_magic_test_file=
lt_cv_ld_exported_symbols_list=yes
lt_cv_ld_force_load=yes
lt_cv_ld_reload_flag=-r
lt_cv_nm_interface='BSD nm'
lt_cv_objdir=.libs
lt_cv_path_LD=/Library/Developer/CommandLineTools/usr/bin/ld
lt_cv_path_NM='/usr/bin/nm -B'
lt_cv_path_mainfest_tool=no
lt_cv_prog_compiler_c_o=yes
lt_cv_prog_compiler_pic='-fno-common -DPIC'
lt_cv_prog_compiler_pic_works=yes
lt_cv_prog_compiler_rtti_exceptions=yes
lt_cv_prog_compiler_static_works=no
lt_cv_prog_gnu_ld=no
lt_cv_sharedlib_from_linklib_cmd='printf %s\n'
lt_cv_sys_global_symbol_pipe='/usr/bin/sed -n -e '\''s/^.*[	 ]\([ABCDGIRSTW][ABCDGIRSTW]*\)[	 ][	 ]*_\([_A-Za-z][_A-Za-z0-9]*\)$/\1 _\2 \2/p'\'' | /usr/bin/sed '\''/ __gnu_lto/d'\'''
lt_cv_sys_global_symbol_to_c_name_address='/usr/bin/sed -n -e '\''s/^: \(.*\) .*$/  {"\1", (void *) 0},/p'\'' -e '\''s/^[ABCDGIRSTW][ABCDGIRSTW]* .* \(.*\)$/  {"\1", (void *) \&\1},/p'\'''
lt_cv_sys_global_symbol_to_c_name_address_lib_prefix='/usr/bin/sed -n -e '\''s/^: \(.*\) .*$/  {"\1", (void *) 0},/p'\'' -e '\''s/^[ABCDGIRSTW][ABCDGIRSTW]* .* \(lib.*\)$/  {"\1", (void *) \&\1},/p'\'' -e '\''s/^[ABCDGIRSTW][ABCDGIRSTW]* .* \(.*\)$/  {"lib\1", (void *) \&\1},/p'\'''
lt_cv_sys_global_symbol_to_cdecl='/usr/bin/sed -n -e '\''s/^T .* \(.*\)$/extern int \1();/p'\'' -e '\''s/^[ABCDGIRSTW][ABCDGIRSTW]* .* \(.*\)$/extern char \1;/p'\'''
lt_cv_sys_global_symbol_to_import=
lt_cv_sys_max_cmd_len=786432
lt_cv_to_host_file_cmd=func_convert_file_noop
lt_cv_to_tool_file_cmd=func_convert_file_noop
lt_cv_truncate_bin='/bin/dd bs=4096 count=1'

## ----------------- ##
## Output variables. ##
## ----------------- ##

ACLOCAL='${SHELL} '\''/Users/hammadkhan/Documents/GitHub/Blogger_agent/sqlite-autoconf-3470200/missing'\'' aclocal-1.16'
AMDEPBACKSLASH='\'
AMDEP_FALSE='#'
AMDEP_TRUE=''
AMTAR='$${TAR-tar}'
AM_BACKSLASH='\'
AM_DEFAULT_V='$(AM_DEFAULT_VERBOSITY)'
AM_DEFAULT_VERBOSITY='1'
AM_V='$(V)'
AR='ar'
AUTOCONF='${SHELL} '\''/Users/hammadkhan/Documents/GitHub/Blogger_agent/sqlite-autoconf-3470200/missing'\'' autoconf'
AUTOHEADER='${SHELL} '\''/Users/hammadkhan/Documents/GitHub/Blogger_agent/sqlite-autoconf-3470200/missing'\'' autoheader'
AUTOMAKE='${SHELL} '\''/Users/hammadkhan/Documents/GitHub/Blogger_agent/sqlite-autoconf-3470200/missing'\'' automake-1.16'
AWK='awk'
BUILD_CFLAGS=' -D_REENTRANT=1 -DSQLITE_THREADSAFE=1 -DSQLITE_ENABLE_MATH_FUNCTIONS -DSQLITE_ENABLE_FTS4 -DSQLITE_ENABLE_FTS5 -DSQLITE_ENABLE_RTREE -DSQLITE_ENABLE_GEOPOLY -DSQLITE_HAVE_ZLIB'
CC='gcc'
CCDEPMODE='depmode=gcc3'
CFLAGS='-g -O2'
CPPFLAGS=''
CSCOPE='cscope'
CTAGS='ctags'
CYGPATH_W='echo'
DEFS='-DPACKAGE_NAME=\"sqlite\" -DPACKAGE_TARNAME=\"sqlite\" -DPACKAGE_VERSION=\"3.47.2\" -DPACKAGE_STRING=\"sqlite\ 3.47.2\" -DPACKAGE_BUGREPORT=\"http://www.sqlite.org\" -DPACKAGE_URL=\"\" -DPACKAGE=\"sqlite\" -DVERSION=\"3.47.2\" -DHAVE_STDIO_H=1 -DHAVE_STDLIB_H=1 -DHAVE_STRING_H=1 -DHAVE_INTTYPES_H=1 -DHAVE_STDINT_H=1 -DHAVE_STRINGS_H=1 -DHAVE_SYS_STAT_H=1 -DHAVE_SYS_TYPES_H=1 -DHAVE_UNISTD_H=1 -DSTDC_HEADERS=1 -DHAVE_DLFCN_H=1 -DLT_OBJDIR=\".libs/\" -DHAVE_FDATASYNC=1 -DHAVE_USLEEP=1 -DHAVE_LOCALTIME_R=1 -DHAVE_GMTIME_R=1 -DHAVE_DECL_STRERROR_R=1 -DHAVE_STRERROR_R=1 -DHAVE_EDITLINE_READLINE_H=1 -DHAVE_READLINE_READLINE_H=1 -DHAVE_READLINE=1 -DHAVE_ZLIB_H=1'
DEPDIR='.deps'
DLLTOOL='false'
DSYMUTIL='dsymutil'
DUMPBIN=''
ECHO_C='\c'
ECHO_N=''
ECHO_T=''
EGREP='/usr/bin/grep -E'
ETAGS='etags'
EXEEXT=''
EXTRA_SHELL_OBJ='sqlite3-sqlite3.o'
FGREP='/usr/bin/grep -F'
FILECMD='file'
GREP='/usr/bin/grep'
INSTALL_DATA='${INSTALL} -m 644'
INSTALL_PROGRAM='${INSTALL}'
INSTALL_SCRIPT='${INSTALL}'
INSTALL_STRIP_PROGRAM='$(install_sh) -c -s'
LD='/Library/Developer/CommandLineTools/usr/bin/ld'
LDFLAGS=''
LIBOBJS=''
LIBS='-lz '
LIBTOOL='$(SHELL) $(top_builddir)/libtool'
LIPO='lipo'
LN_S='ln -s'
LTLIBOBJS=''
LT_SYS_LIBRARY_PATH=''
MAKEINFO='${SHELL} '\''/Users/hammadkhan/Documents/GitHub/Blogger_agent/sqlite-autoconf-3470200/missing'\'' makeinfo'
MANIFEST_TOOL=':'
MKDIR_P='././install-sh -c -d'
NM='/usr/bin/nm -B'
NMEDIT='nmedit'
OBJDUMP='objdump'
OBJEXT='o'
OTOOL64=':'
OTOOL='otool'
PACKAGE='sqlite'
PACKAGE_BUGREPORT='http://www.sqlite.org'
PACKAGE_NAME='sqlite'
PACKAGE_STRING='sqlite 3.47.2'
PACKAGE_TARNAME='sqlite'
PACKAGE_URL=''
PACKAGE_VERSION='3.47.2'
PATH_SEPARATOR=':'
RANLIB='ranlib'
READLINE_LIBS='-lreadline -ltermcap '
SED='/usr/bin/sed'
SET_MAKE=''
SHELL='/bin/sh'
SHELL_CFLAGS=''
STRIP='strip'
VERSION='3.47.2'
ac_ct_AR='ar'
ac_ct_CC='gcc'
ac_ct_DUMPBIN=''
am__EXEEXT_FALSE=''
am__EXEEXT_TRUE='#'
am__fastdepCC_FALSE='#'
am__fastdepCC_TRUE=''
am__include='include'
am__isrc=''
am__leading_dot='.'
am__nodep='_no'
am__quote=''
am__tar='$${TAR-tar} chof - "$$tardir"'
am__untar='$${TAR-tar} xf -'
bindir='${exec_prefix}/bin'
build='aarch64-apple-darwin23.4.0'
build_alias=''
build_cpu='aarch64'
build_os='darwin23.4.0'
build_vendor='apple'
datadir='${datarootdir}'
datarootdir='${prefix}/share'
docdir='${datarootdir}/doc/${PACKAGE_TARNAME}'
dvidir='${docdir}'
exec_prefix='${prefix}'
host='aarch64-apple-darwin23.4.0'
host_alias=''
host_cpu='aarch64'
host_os='darwin23.4.0'
host_vendor='apple'
htmldir='${docdir}'
includedir='${prefix}/include'
infodir='${datarootdir}/info'
install_sh='${SHELL} /Users/hammadkhan/Documents/GitHub/Blogger_agent/sqlite-autoconf-3470200/install-sh'
libdir='${exec_prefix}/lib'
libexecdir='${exec_prefix}/libexec'
localedir='${datarootdir}/locale'
localstatedir='${prefix}/var'
mandir='${datarootdir}/man'
mkdir_p='$(MKDIR_P)'
oldincludedir='/usr/include'
pdfdir='${docdir}'
prefix='/Users/hammadkhan/.local'
program_transform_name='s,x,x,'
psdir='${docdir}'
runstatedir='${localstatedir}/run'
sbindir='${exec_prefix}/sbin'
sharedstatedir='${prefix}/com'
sysconfdir='${prefix}/etc'
target_alias=''

## ----------- ##
## confdefs.h. ##
## ----------- ##

/* confdefs.h */
#define PACKAGE_NAME "sqlite"
#define PACKAGE_TARNAME "sqlite"
#define PACKAGE_VERSION "3.47.2"
#define PACKAGE_STRING "sqlite 3.47.2"
#define PACKAGE_BUGREPORT "http://www.sqlite.org"
#define PACKAGE_URL ""
#define PACKAGE "sqlite"
#define VERSION "3.47.2"
#define HAVE_STDIO_H 1
#define HAVE_STDLIB_H 1
#define HAVE_STRING_H 1
#define HAVE_INTTYPES_H 1
#define HAVE_STDINT_H 1
#define HAVE_STRINGS_H 1
#define HAVE_SYS_STAT_H 1
#define HAVE_SYS_TYPES_H 1
#define HAVE_UNISTD_H 1
#define STDC_HEADERS 1
#define HAVE_DLFCN_H 1
#define LT_OBJDIR ".libs/"
#define HAVE_FDATASYNC 1
#define HAVE_USLEEP 1
#define HAVE_LOCALTIME_R 1
#define HAVE_GMTIME_R 1
#define HAVE_DECL_STRERROR_R 1
#define HAVE_STRERROR_R 1
#define HAVE_EDITLINE_READLINE_H 1
#define HAVE_READLINE_READLINE_H 1
#define HAVE_READLINE 1
#define HAVE_ZLIB_H 1

configure: exit 0
